<?xml version="1.0" encoding="UTF-8"?>
<robot generator="Robot 7.0.1 (Python 3.12.5 on win32)" generated="2024-11-02T20:21:23.853354" rpa="false" schemaversion="5">
<suite id="s1" name="orquestadoApi" source="C:\Users\yater\Documents\RoborFramework\ApiTesting\modules\orquestadoApi.robot">
<test id="s1-t1" name="Orquestar operaciones CRUD de reservas en Restful Booker" line="14">
<kw name="Create Session" owner="RequestsLibrary">
<msg time="2024-11-02T20:21:26.507527" level="INFO">Creating Session using : alias=API_Session, url=https://restful-booker.herokuapp.com, headers={},                     cookies={}, auth=None, timeout=None, proxies=None, verify=False,                     debug=0 </msg>
<arg>API_Session</arg>
<arg>${BASE_URL}</arg>
<doc>Create Session: create a HTTP session to a server</doc>
<status status="PASS" start="2024-11-02T20:21:26.507527" elapsed="0.001034"/>
</kw>
<kw name="Create Dictionary" owner="BuiltIn">
<msg time="2024-11-02T20:21:26.511259" level="INFO">${auth_data} = {'username': 'admin', 'password': 'password123'}</msg>
<var>${auth_data}</var>
<arg>username=${USERNAME}</arg>
<arg>password=${PASSWORD}</arg>
<doc>Creates and returns a dictionary based on the given ``items``.</doc>
<status status="PASS" start="2024-11-02T20:21:26.510221" elapsed="0.002033"/>
</kw>
<kw name="POST On Session" owner="RequestsLibrary">
<msg time="2024-11-02T20:21:27.091666" level="INFO">POST Request : url=https://restful-booker.herokuapp.com/auth 
 path_url=/auth 
 headers={'User-Agent': 'python-requests/2.32.3', 'Accept-Encoding': 'gzip, deflate, br', 'Accept': '*/*', 'Connection': 'keep-alive', 'Content-Length': '48', 'Content-Type': 'application/json'} 
 body=b'{"username": "admin", "password": "password123"}' 
 </msg>
<msg time="2024-11-02T20:21:27.091666" level="INFO">POST Response : url=https://restful-booker.herokuapp.com/auth 
 status=200, reason=OK 
 headers={'Server': 'Cowboy', 'Report-To': '{"group":"heroku-nel","max_age":3600,"endpoints":[{"url":"https://nel.heroku.com/reports?ts=1730596887&amp;sid=c46efe9b-d3d2-4a0c-8c76-bfafa16c5add&amp;s=8u%2BcUPAbDY1Cj%2FO4SZ29%2BuGeD0dJcxdRvcKtyC1Qea0%3D"}]}', 'Reporting-Endpoints': 'heroku-nel=https://nel.heroku.com/reports?ts=1730596887&amp;sid=c46efe9b-d3d2-4a0c-8c76-bfafa16c5add&amp;s=8u%2BcUPAbDY1Cj%2FO4SZ29%2BuGeD0dJcxdRvcKtyC1Qea0%3D', 'Nel': '{"report_to":"heroku-nel","max_age":3600,"success_fraction":0.005,"failure_fraction":0.05,"response_headers":["Via"]}', 'Connection': 'keep-alive', 'X-Powered-By': 'Express', 'Content-Type': 'application/json; charset=utf-8', 'Content-Length': '27', 'Etag': 'W/"1b-q44l85fromIfvsB0LvzeEONaUSE"', 'Date': 'Sun, 03 Nov 2024 01:21:27 GMT', 'Via': '1.1 vegur'} 
 body={"token":"0e159f76829c2a3"} 
 </msg>
<msg time="2024-11-02T20:21:27.091666" level="INFO">${response} = &lt;Response [200]&gt;</msg>
<var>${response}</var>
<arg>API_Session</arg>
<arg>${AUTH_URL}</arg>
<arg>json=${auth_data}</arg>
<doc>Sends a POST request on a previously created HTTP Session.</doc>
<status status="PASS" start="2024-11-02T20:21:26.513218" elapsed="0.578448"/>
</kw>
<kw name="Should Be Equal As Numbers" owner="BuiltIn">
<msg time="2024-11-02T20:21:27.091666" level="INFO">Argument types are:
&lt;class 'int'&gt;
&lt;class 'str'&gt;</msg>
<arg>${response.status_code}</arg>
<arg>200</arg>
<doc>Fails if objects are unequal after converting them to real numbers.</doc>
<status status="PASS" start="2024-11-02T20:21:27.091666" elapsed="0.000000"/>
</kw>
<kw name="Set Variable" owner="BuiltIn">
<msg time="2024-11-02T20:21:27.106981" level="INFO">${token} = 0e159f76829c2a3</msg>
<var>${token}</var>
<arg>${response.json()["token"]}</arg>
<doc>Returns the given values which can then be assigned to a variables.</doc>
<status status="PASS" start="2024-11-02T20:21:27.106981" elapsed="0.000000"/>
</kw>
<kw name="Log To Console" owner="BuiltIn">
<arg>Autenticado con token: ${token}</arg>
<doc>Logs the given message to the console.</doc>
<status status="PASS" start="2024-11-02T20:21:27.106981" elapsed="0.000000"/>
</kw>
<kw name="Create Dictionary" owner="BuiltIn">
<msg time="2024-11-02T20:21:27.114415" level="INFO">${headers} = {'Cookie': 'token=0e159f76829c2a3'}</msg>
<var>${headers}</var>
<arg>Cookie=token=${token}</arg>
<doc>Creates and returns a dictionary based on the given ``items``.</doc>
<status status="PASS" start="2024-11-02T20:21:27.106981" elapsed="0.007434"/>
</kw>
<kw name="Create Dictionary" owner="BuiltIn">
<msg time="2024-11-02T20:21:27.116461" level="INFO">${bookingdates} = {'checkin': '2024-12-01', 'checkout': '2024-12-05'}</msg>
<var>${bookingdates}</var>
<arg>checkin=2024-12-01</arg>
<arg>checkout=2024-12-05</arg>
<doc>Creates and returns a dictionary based on the given ``items``.</doc>
<status status="PASS" start="2024-11-02T20:21:27.116461" elapsed="0.000000"/>
</kw>
<kw name="Create Dictionary" owner="BuiltIn">
<msg time="2024-11-02T20:21:27.119755" level="INFO">${booking_data} = {'firstname': 'Juan', 'lastname': 'Perez', 'totalprice': '123', 'depositpaid': 'True', 'bookingdates': {'checkin': '2024-12-01', 'checkout': '2024-12-05'}}</msg>
<var>${booking_data}</var>
<arg>firstname=Juan</arg>
<arg>lastname=Perez</arg>
<arg>totalprice=123</arg>
<arg>depositpaid=True</arg>
<arg>bookingdates=${bookingdates}</arg>
<doc>Creates and returns a dictionary based on the given ``items``.</doc>
<status status="PASS" start="2024-11-02T20:21:27.118703" elapsed="0.001052"/>
</kw>
<kw name="POST On Session" owner="RequestsLibrary">
<msg time="2024-11-02T20:21:27.233662" level="INFO">POST Request : url=https://restful-booker.herokuapp.com/booking 
 path_url=/booking 
 headers={'User-Agent': 'python-requests/2.32.3', 'Accept-Encoding': 'gzip, deflate, br', 'Accept': '*/*', 'Connection': 'keep-alive', 'Cookie': 'token=0e159f76829c2a3', 'Content-Length': '155', 'Content-Type': 'application/json'} 
 body=b'{"firstname": "Juan", "lastname": "Perez", "totalprice": "123", "depositpaid": "True", "bookingdates": {"checkin": "2024-12-01", "checkout": "2024-12-05"}}' 
 </msg>
<msg time="2024-11-02T20:21:27.233662" level="INFO">POST Response : url=https://restful-booker.herokuapp.com/booking 
 status=200, reason=OK 
 headers={'Server': 'Cowboy', 'Report-To': '{"group":"heroku-nel","max_age":3600,"endpoints":[{"url":"https://nel.heroku.com/reports?ts=1730596887&amp;sid=c46efe9b-d3d2-4a0c-8c76-bfafa16c5add&amp;s=8u%2BcUPAbDY1Cj%2FO4SZ29%2BuGeD0dJcxdRvcKtyC1Qea0%3D"}]}', 'Reporting-Endpoints': 'heroku-nel=https://nel.heroku.com/reports?ts=1730596887&amp;sid=c46efe9b-d3d2-4a0c-8c76-bfafa16c5add&amp;s=8u%2BcUPAbDY1Cj%2FO4SZ29%2BuGeD0dJcxdRvcKtyC1Qea0%3D', 'Nel': '{"report_to":"heroku-nel","max_age":3600,"success_fraction":0.005,"failure_fraction":0.05,"response_headers":["Via"]}', 'Connection': 'keep-alive', 'X-Powered-By': 'Express', 'Content-Type': 'application/json; charset=utf-8', 'Content-Length': '167', 'Etag': 'W/"a7-b6fW3C/u7VoGzyRRVxD7QVrFCRY"', 'Date': 'Sun, 03 Nov 2024 01:21:27 GMT', 'Via': '1.1 vegur'} 
 body={"bookingid":510,"booking":{"firstname":"Juan","lastname":"Perez","totalprice":123,"depositpaid":true,"bookingdates":{"checkin":"2024-12-01","checkout":"2024-12-05"}}} 
 </msg>
<msg time="2024-11-02T20:21:27.233662" level="INFO">${response} = &lt;Response [200]&gt;</msg>
<var>${response}</var>
<arg>API_Session</arg>
<arg>/booking</arg>
<arg>json=${booking_data}</arg>
<arg>headers=${headers}</arg>
<doc>Sends a POST request on a previously created HTTP Session.</doc>
<status status="PASS" start="2024-11-02T20:21:27.122092" elapsed="0.111570"/>
</kw>
<kw name="Should Be Equal As Numbers" owner="BuiltIn">
<msg time="2024-11-02T20:21:27.233662" level="INFO">Argument types are:
&lt;class 'int'&gt;
&lt;class 'str'&gt;</msg>
<arg>${response.status_code}</arg>
<arg>200</arg>
<doc>Fails if objects are unequal after converting them to real numbers.</doc>
<status status="PASS" start="2024-11-02T20:21:27.233662" elapsed="0.000000"/>
</kw>
<kw name="Set Variable" owner="BuiltIn">
<msg time="2024-11-02T20:21:27.233662" level="INFO">${booking_id} = 510</msg>
<var>${booking_id}</var>
<arg>${response.json()["bookingid"]}</arg>
<doc>Returns the given values which can then be assigned to a variables.</doc>
<status status="PASS" start="2024-11-02T20:21:27.233662" elapsed="0.000000"/>
</kw>
<kw name="Log To Console" owner="BuiltIn">
<arg>Creada reserva con ID: ${booking_id}</arg>
<doc>Logs the given message to the console.</doc>
<status status="PASS" start="2024-11-02T20:21:27.233662" elapsed="0.000000"/>
</kw>
<kw name="GET On Session" owner="RequestsLibrary">
<msg time="2024-11-02T20:21:27.339741" level="INFO">GET Request : url=https://restful-booker.herokuapp.com/booking/510 
 path_url=/booking/510 
 headers={'User-Agent': 'python-requests/2.32.3', 'Accept-Encoding': 'gzip, deflate, br', 'Accept': '*/*', 'Connection': 'keep-alive', 'Cookie': 'token=0e159f76829c2a3'} 
 body=None 
 </msg>
<msg time="2024-11-02T20:21:27.339741" level="INFO">GET Response : url=https://restful-booker.herokuapp.com/booking/510 
 status=200, reason=OK 
 headers={'Server': 'Cowboy', 'Report-To': '{"group":"heroku-nel","max_age":3600,"endpoints":[{"url":"https://nel.heroku.com/reports?ts=1730596887&amp;sid=c46efe9b-d3d2-4a0c-8c76-bfafa16c5add&amp;s=8u%2BcUPAbDY1Cj%2FO4SZ29%2BuGeD0dJcxdRvcKtyC1Qea0%3D"}]}', 'Reporting-Endpoints': 'heroku-nel=https://nel.heroku.com/reports?ts=1730596887&amp;sid=c46efe9b-d3d2-4a0c-8c76-bfafa16c5add&amp;s=8u%2BcUPAbDY1Cj%2FO4SZ29%2BuGeD0dJcxdRvcKtyC1Qea0%3D', 'Nel': '{"report_to":"heroku-nel","max_age":3600,"success_fraction":0.005,"failure_fraction":0.05,"response_headers":["Via"]}', 'Connection': 'keep-alive', 'X-Powered-By': 'Express', 'Content-Type': 'application/json; charset=utf-8', 'Content-Length': '139', 'Etag': 'W/"8b-f20h8VYpRZxMyPB5D8V+3BURgnk"', 'Date': 'Sun, 03 Nov 2024 01:21:27 GMT', 'Via': '1.1 vegur'} 
 body={"firstname":"Juan","lastname":"Perez","totalprice":123,"depositpaid":true,"bookingdates":{"checkin":"2024-12-01","checkout":"2024-12-05"}} 
 </msg>
<msg time="2024-11-02T20:21:27.339741" level="INFO">${response} = &lt;Response [200]&gt;</msg>
<var>${response}</var>
<arg>API_Session</arg>
<arg>/booking/${booking_id}</arg>
<arg>headers=${headers}</arg>
<doc>Sends a GET request on a previously created HTTP Session.</doc>
<status status="PASS" start="2024-11-02T20:21:27.233662" elapsed="0.106079"/>
</kw>
<kw name="Should Be Equal As Numbers" owner="BuiltIn">
<msg time="2024-11-02T20:21:27.355341" level="INFO">Argument types are:
&lt;class 'int'&gt;
&lt;class 'str'&gt;</msg>
<arg>${response.status_code}</arg>
<arg>200</arg>
<doc>Fails if objects are unequal after converting them to real numbers.</doc>
<status status="PASS" start="2024-11-02T20:21:27.339741" elapsed="0.015600"/>
</kw>
<kw name="Set Variable" owner="BuiltIn">
<msg time="2024-11-02T20:21:27.355341" level="INFO">${booking_data_fetched} = {'firstname': 'Juan', 'lastname': 'Perez', 'totalprice': 123, 'depositpaid': True, 'bookingdates': {'checkin': '2024-12-01', 'checkout': '2024-12-05'}}</msg>
<var>${booking_data_fetched}</var>
<arg>${response.json()}</arg>
<doc>Returns the given values which can then be assigned to a variables.</doc>
<status status="PASS" start="2024-11-02T20:21:27.355341" elapsed="0.000000"/>
</kw>
<kw name="Log To Console" owner="BuiltIn">
<arg>Consultada reserva: ${booking_data_fetched}</arg>
<doc>Logs the given message to the console.</doc>
<status status="PASS" start="2024-11-02T20:21:27.355341" elapsed="0.000000"/>
</kw>
<kw name="Create Dictionary" owner="BuiltIn">
<msg time="2024-11-02T20:21:27.365195" level="INFO">${updated_dates} = {'checkin': '2024-12-02', 'checkout': '2024-12-06'}</msg>
<var>${updated_dates}</var>
<arg>checkin=2024-12-02</arg>
<arg>checkout=2024-12-06</arg>
<doc>Creates and returns a dictionary based on the given ``items``.</doc>
<status status="PASS" start="2024-11-02T20:21:27.364197" elapsed="0.000998"/>
</kw>
<kw name="Create Dictionary" owner="BuiltIn">
<msg time="2024-11-02T20:21:27.368350" level="INFO">${updated_data} = {'firstname': 'Juan Carlos', 'lastname': 'Perez', 'totalprice': '150', 'depositpaid': 'False', 'bookingdates': {'checkin': '2024-12-02', 'checkout': '2024-12-06'}}</msg>
<var>${updated_data}</var>
<arg>firstname=Juan Carlos</arg>
<arg>lastname=Perez</arg>
<arg>totalprice=150</arg>
<arg>depositpaid=False</arg>
<arg>bookingdates=${updated_dates}</arg>
<doc>Creates and returns a dictionary based on the given ``items``.</doc>
<status status="PASS" start="2024-11-02T20:21:27.367320" elapsed="0.001030"/>
</kw>
<kw name="PUT On Session" owner="RequestsLibrary">
<msg time="2024-11-02T20:21:27.475085" level="INFO">PUT Request : url=https://restful-booker.herokuapp.com/booking/510 
 path_url=/booking/510 
 headers={'User-Agent': 'python-requests/2.32.3', 'Accept-Encoding': 'gzip, deflate, br', 'Accept': '*/*', 'Connection': 'keep-alive', 'Cookie': 'token=0e159f76829c2a3', 'Content-Length': '163', 'Content-Type': 'application/json'} 
 body=b'{"firstname": "Juan Carlos", "lastname": "Perez", "totalprice": "150", "depositpaid": "False", "bookingdates": {"checkin": "2024-12-02", "checkout": "2024-12-06"}}' 
 </msg>
<msg time="2024-11-02T20:21:27.475085" level="INFO">PUT Response : url=https://restful-booker.herokuapp.com/booking/510 
 status=200, reason=OK 
 headers={'Server': 'Cowboy', 'Report-To': '{"group":"heroku-nel","max_age":3600,"endpoints":[{"url":"https://nel.heroku.com/reports?ts=1730596887&amp;sid=c46efe9b-d3d2-4a0c-8c76-bfafa16c5add&amp;s=8u%2BcUPAbDY1Cj%2FO4SZ29%2BuGeD0dJcxdRvcKtyC1Qea0%3D"}]}', 'Reporting-Endpoints': 'heroku-nel=https://nel.heroku.com/reports?ts=1730596887&amp;sid=c46efe9b-d3d2-4a0c-8c76-bfafa16c5add&amp;s=8u%2BcUPAbDY1Cj%2FO4SZ29%2BuGeD0dJcxdRvcKtyC1Qea0%3D', 'Nel': '{"report_to":"heroku-nel","max_age":3600,"success_fraction":0.005,"failure_fraction":0.05,"response_headers":["Via"]}', 'Connection': 'keep-alive', 'X-Powered-By': 'Express', 'Content-Type': 'application/json; charset=utf-8', 'Content-Length': '146', 'Etag': 'W/"92-N4S1nEJ+q1OpFn6yO69MrSO0lgI"', 'Date': 'Sun, 03 Nov 2024 01:21:27 GMT', 'Via': '1.1 vegur'} 
 body={"firstname":"Juan Carlos","lastname":"Perez","totalprice":150,"depositpaid":true,"bookingdates":{"checkin":"2024-12-02","checkout":"2024-12-06"}} 
 </msg>
<msg time="2024-11-02T20:21:27.475085" level="INFO">${response} = &lt;Response [200]&gt;</msg>
<var>${response}</var>
<arg>API_Session</arg>
<arg>/booking/${booking_id}</arg>
<arg>json=${updated_data}</arg>
<arg>headers=${headers}</arg>
<doc>Sends a PUT request on a previously created HTTP Session.</doc>
<status status="PASS" start="2024-11-02T20:21:27.369398" elapsed="0.105687"/>
</kw>
<kw name="Should Be Equal As Numbers" owner="BuiltIn">
<msg time="2024-11-02T20:21:27.475085" level="INFO">Argument types are:
&lt;class 'int'&gt;
&lt;class 'str'&gt;</msg>
<arg>${response.status_code}</arg>
<arg>200</arg>
<doc>Fails if objects are unequal after converting them to real numbers.</doc>
<status status="PASS" start="2024-11-02T20:21:27.475085" elapsed="0.000000"/>
</kw>
<kw name="Set Variable" owner="BuiltIn">
<msg time="2024-11-02T20:21:27.475085" level="INFO">${updated_booking} = {'firstname': 'Juan Carlos', 'lastname': 'Perez', 'totalprice': 150, 'depositpaid': True, 'bookingdates': {'checkin': '2024-12-02', 'checkout': '2024-12-06'}}</msg>
<var>${updated_booking}</var>
<arg>${response.json()}</arg>
<doc>Returns the given values which can then be assigned to a variables.</doc>
<status status="PASS" start="2024-11-02T20:21:27.475085" elapsed="0.000000"/>
</kw>
<kw name="Log To Console" owner="BuiltIn">
<arg>Reserva actualizada: ${updated_booking}</arg>
<doc>Logs the given message to the console.</doc>
<status status="PASS" start="2024-11-02T20:21:27.475085" elapsed="0.000000"/>
</kw>
<kw name="Should Be Equal As Numbers" owner="BuiltIn">
<msg time="2024-11-02T20:21:27.489893" level="INFO">Argument types are:
&lt;class 'int'&gt;
&lt;class 'str'&gt;</msg>
<arg>${updated_booking["totalprice"]}</arg>
<arg>150</arg>
<doc>Fails if objects are unequal after converting them to real numbers.</doc>
<status status="PASS" start="2024-11-02T20:21:27.475085" elapsed="0.014808"/>
</kw>
<kw name="DELETE On Session" owner="RequestsLibrary">
<msg time="2024-11-02T20:21:27.589727" level="INFO">DELETE Request : url=https://restful-booker.herokuapp.com/booking/510 
 path_url=/booking/510 
 headers={'User-Agent': 'python-requests/2.32.3', 'Accept-Encoding': 'gzip, deflate, br', 'Accept': '*/*', 'Connection': 'keep-alive', 'Cookie': 'token=0e159f76829c2a3', 'Content-Length': '0'} 
 body=None 
 </msg>
<msg time="2024-11-02T20:21:27.589727" level="INFO">DELETE Response : url=https://restful-booker.herokuapp.com/booking/510 
 status=201, reason=Created 
 headers={'Server': 'Cowboy', 'Report-To': '{"group":"heroku-nel","max_age":3600,"endpoints":[{"url":"https://nel.heroku.com/reports?ts=1730596887&amp;sid=c46efe9b-d3d2-4a0c-8c76-bfafa16c5add&amp;s=8u%2BcUPAbDY1Cj%2FO4SZ29%2BuGeD0dJcxdRvcKtyC1Qea0%3D"}]}', 'Reporting-Endpoints': 'heroku-nel=https://nel.heroku.com/reports?ts=1730596887&amp;sid=c46efe9b-d3d2-4a0c-8c76-bfafa16c5add&amp;s=8u%2BcUPAbDY1Cj%2FO4SZ29%2BuGeD0dJcxdRvcKtyC1Qea0%3D', 'Nel': '{"report_to":"heroku-nel","max_age":3600,"success_fraction":0.005,"failure_fraction":0.05,"response_headers":["Via"]}', 'Connection': 'keep-alive', 'X-Powered-By': 'Express', 'Content-Type': 'text/plain; charset=utf-8', 'Content-Length': '7', 'Etag': 'W/"7-rM9AyJuqT6iOan/xHh+AW+7K/T8"', 'Date': 'Sun, 03 Nov 2024 01:21:27 GMT', 'Via': '1.1 vegur'} 
 body=Created 
 </msg>
<msg time="2024-11-02T20:21:27.589727" level="INFO">${response} = &lt;Response [201]&gt;</msg>
<var>${response}</var>
<arg>API_Session</arg>
<arg>/booking/${booking_id}</arg>
<arg>headers=${headers}</arg>
<doc>Sends a DELETE request on a previously created HTTP Session.</doc>
<status status="PASS" start="2024-11-02T20:21:27.491998" elapsed="0.097729"/>
</kw>
<kw name="Should Be Equal As Numbers" owner="BuiltIn">
<msg time="2024-11-02T20:21:27.589727" level="INFO">Argument types are:
&lt;class 'int'&gt;
&lt;class 'str'&gt;</msg>
<arg>${response.status_code}</arg>
<arg>201</arg>
<doc>Fails if objects are unequal after converting them to real numbers.</doc>
<status status="PASS" start="2024-11-02T20:21:27.589727" elapsed="0.000000"/>
</kw>
<kw name="Log To Console" owner="BuiltIn">
<arg>Reserva con ID ${booking_id} eliminada</arg>
<doc>Logs the given message to the console.</doc>
<status status="PASS" start="2024-11-02T20:21:27.589727" elapsed="0.000000"/>
</kw>
<doc>Este caso de prueba realiza la creación, consulta, actualización y eliminación de una reserva usando la API de Restful Booker con autenticación.</doc>
<tag>API</tag>
<tag>CRUD</tag>
<status status="PASS" start="2024-11-02T20:21:26.490655" elapsed="1.114627"/>
</test>
<status status="PASS" start="2024-11-02T20:21:23.868975" elapsed="3.742006"/>
</suite>
<statistics>
<total>
<stat pass="1" fail="0" skip="0">All Tests</stat>
</total>
<tag>
<stat pass="1" fail="0" skip="0">API</stat>
<stat pass="1" fail="0" skip="0">CRUD</stat>
</tag>
<suite>
<stat pass="1" fail="0" skip="0" id="s1" name="orquestadoApi">orquestadoApi</stat>
</suite>
</statistics>
<errors>
<msg time="2024-11-02T20:21:26.490655" level="WARN">Imported library 'C:\Users\yater\Documents\RoborFramework\ApiTesting\libraries\custom_library.py' contains no keywords.</msg>
</errors>
</robot>
